<?xml version="1.0" encoding="UTF-8"?>
<testng-results skipped="0" failed="0" ignored="0" total="1" passed="1">
  <reporter-output>
  </reporter-output>
  <suite name="Surefire suite" duration-ms="10804" started-at="2020-08-05T11:06:47Z" finished-at="2020-08-05T11:06:58Z">
    <groups>
    </groups>
    <test name="Surefire test" duration-ms="10804" started-at="2020-08-05T11:06:47Z" finished-at="2020-08-05T11:06:58Z">
      <class name="attendance.empx.attendance">
        <test-method status="PASS" signature="MarkAttendance()[pri:0, instance:attendance.empx.attendance@4d339552]" name="MarkAttendance" duration-ms="10676" started-at="2020-08-05T11:06:47Z" finished-at="2020-08-05T11:06:57Z">
          <reporter-output>
          </reporter-output>
        </test-method> <!-- MarkAttendance -->
      </class> <!-- attendance.empx.attendance -->
    </test> <!-- Surefire test -->
  </suite> <!-- Surefire suite -->
</testng-results>
