<?xml version="1.0" encoding="UTF-8"?>
<testng-results ignored="0" total="1" passed="1" failed="0" skipped="0">
  <reporter-output>
  </reporter-output>
  <suite started-at="2021-01-03T21:14:03 IST" name="Default suite" finished-at="2021-01-03T21:14:28 IST" duration-ms="25016">
    <groups>
    </groups>
    <test started-at="2021-01-03T21:14:03 IST" name="Default test" finished-at="2021-01-03T21:14:28 IST" duration-ms="25016">
      <class name="attendance.empx.attendance">
        <test-method signature="MarkAttendance()[pri:0, instance:attendance.empx.attendance@3e44f2a5]" started-at="2021-01-03T21:14:03 IST" name="MarkAttendance" finished-at="2021-01-03T21:14:28 IST" duration-ms="24925" status="PASS">
          <reporter-output>
          </reporter-output>
        </test-method> <!-- MarkAttendance -->
      </class> <!-- attendance.empx.attendance -->
    </test> <!-- Default test -->
  </suite> <!-- Default suite -->
</testng-results>
