<?xml version="1.0" encoding="UTF-8"?>
<testng-results skipped="0" failed="0" ignored="0" total="1" passed="1">
  <reporter-output>
  </reporter-output>
  <suite name="Default suite" duration-ms="11994" started-at="2020-08-05T15:42:43 IST" finished-at="2020-08-05T15:42:55 IST">
    <groups>
    </groups>
    <test name="Default test" duration-ms="11994" started-at="2020-08-05T15:42:43 IST" finished-at="2020-08-05T15:42:55 IST">
      <class name="attendance.empx.attendance">
        <test-method status="PASS" signature="MarkAttendance()[pri:0, instance:attendance.empx.attendance@159f197]" name="MarkAttendance" duration-ms="11874" started-at="2020-08-05T15:42:43 IST" finished-at="2020-08-05T15:42:55 IST">
          <reporter-output>
          </reporter-output>
        </test-method> <!-- MarkAttendance -->
      </class> <!-- attendance.empx.attendance -->
    </test> <!-- Default test -->
  </suite> <!-- Default suite -->
</testng-results>
